Using pre-set license
Built from '2020.3/staging' branch; Version is '2020.3.8f1 (507919d4fff5) revision 5273881'; Using compiler version '192528614'; Build Type 'Release'
OS: 'Windows 10 Pro; OS build 19043.1110; Version 2009; 64bit' Language: 'ja' Physical Memory: 65405 MB
BatchMode: 1, IsHumanControllingUs: 0, StartBugReporterOnCrash: 0, Is64bit: 1, IsPro: 0

 COMMAND LINE ARGUMENTS:
C:\Program Files\Unity\Hub\Editor\2020.3.8f1\Editor\Unity.exe
-adb2
-batchMode
-noUpm
-name
AssetImportWorker1
-projectPath
C:/Users/kodam/Documents/PuppeTuber_WebGL
-logFile
Logs/AssetImportWorker1.log
-srvPort
60708
Successfully changed project path to: C:/Users/kodam/Documents/PuppeTuber_WebGL
C:/Users/kodam/Documents/PuppeTuber_WebGL
Using Asset Import Pipeline V2.
Refreshing native plugins compatible for Editor in 35.26 ms, found 0 plugins.
Preloading 0 native plugins for Editor in 0.00 ms.
Initialize engine version: 2020.3.8f1 (507919d4fff5)
[Subsystems] Discovering subsystems at path C:/Program Files/Unity/Hub/Editor/2020.3.8f1/Editor/Data/Resources/UnitySubsystems
[Subsystems] Discovering subsystems at path C:/Users/kodam/Documents/PuppeTuber_WebGL/Assets
GfxDevice: creating device client; threaded=0
Direct3D:
    Version:  Direct3D 11.0 [level 11.1]
    Renderer: NVIDIA GeForce RTX 3080 Laptop GPU (ID=0x249c)
    Vendor:   
    VRAM:     8041 MB
    Driver:   27.21.14.6275
Initialize mono
Mono path[0] = 'C:/Program Files/Unity/Hub/Editor/2020.3.8f1/Editor/Data/Managed'
Mono path[1] = 'C:/Program Files/Unity/Hub/Editor/2020.3.8f1/Editor/Data/MonoBleedingEdge/lib/mono/unityjit'
Mono config path = 'C:/Program Files/Unity/Hub/Editor/2020.3.8f1/Editor/Data/MonoBleedingEdge/etc'
Using monoOptions --debugger-agent=transport=dt_socket,embedding=1,server=y,suspend=n,address=127.0.0.1:56944
Begin MonoManager ReloadAssembly
Registering precompiled unity dll's ...
Register platform support module: C:/Program Files/Unity/Hub/Editor/2020.3.8f1/Editor/Data/PlaybackEngines/WebGLSupport/UnityEditor.WebGL.Extensions.dll
Register platform support module: C:/Program Files/Unity/Hub/Editor/2020.3.8f1/Editor/Data/PlaybackEngines/WindowsStandaloneSupport/UnityEditor.WindowsStandalone.Extensions.dll
Registered in 0.001746 seconds.
Native extension for WindowsStandalone target not found
Native extension for WebGL target not found
Refreshing native plugins compatible for Editor in 29.68 ms, found 0 plugins.
Preloading 0 native plugins for Editor in 0.00 ms.
Mono: successfully reloaded assembly
- Completed reload, in  1.462 seconds
Platform modules already initialized, skipping
Registering precompiled user dll's ...
Registered in 0.000561 seconds.
Begin MonoManager ReloadAssembly
Native extension for WindowsStandalone target not found
Native extension for WebGL target not found
Refreshing native plugins compatible for Editor in 0.40 ms, found 0 plugins.
Preloading 0 native plugins for Editor in 0.00 ms.
Mono: successfully reloaded assembly
- Completed reload, in  0.638 seconds
Platform modules already initialized, skipping
========================================================================
Worker process is ready to serve import requests
Launched and connected shader compiler UnityShaderCompiler.exe after 0.03 seconds
Refreshing native plugins compatible for Editor in 0.40 ms, found 0 plugins.
Preloading 0 native plugins for Editor in 0.00 ms.
Unloading 1517 Unused Serialized files (Serialized files now loaded: 0)
System memory in use before: 76.3 MB.
System memory in use after: 75.6 MB.

Unloading 33 unused Assets to reduce memory usage. Loaded Objects now: 1943.
Total: 1.841500 ms (FindLiveObjects: 0.135100 ms CreateObjectMapping: 0.044000 ms MarkObjects: 1.101300 ms  DeleteObjects: 0.560400 ms)

========================================================================
Received Import Request.
  path: Assets/StreamingAssets/HandDetection
  artifactKey: Guid(f88ddbefe4d24d342b63353288cd73b2) Importer(815301076,1909f56bfc062723c751e8b465ee728b)
Start importing Assets/StreamingAssets/HandDetection using Guid(f88ddbefe4d24d342b63353288cd73b2) Importer(815301076,1909f56bfc062723c751e8b465ee728b)  -> (artifact id: 'b7a3602e56c8996f21a0d165898f03c1') in 0.009384 seconds
  Import took 0.011487 seconds .

========================================================================
Received Import Request.
  Time since last request: 0.000348 seconds.
  path: Assets/StreamingAssets/Classification
  artifactKey: Guid(8662502020318e14f8a983cf23f9a315) Importer(815301076,1909f56bfc062723c751e8b465ee728b)
Start importing Assets/StreamingAssets/Classification using Guid(8662502020318e14f8a983cf23f9a315) Importer(815301076,1909f56bfc062723c751e8b465ee728b)  -> (artifact id: 'd3bc96fd0bb9762779da3e764c73af0b') in 0.011180 seconds
  Import took 0.013256 seconds .

========================================================================
Received Import Request.
  Time since last request: 1.935987 seconds.
  path: Assets/StreamingAssets/HandReproduction
  artifactKey: Guid(564a3fd309d70ae4a9e21a7ebbc27152) Importer(815301076,1909f56bfc062723c751e8b465ee728b)
Start importing Assets/StreamingAssets/HandReproduction using Guid(564a3fd309d70ae4a9e21a7ebbc27152) Importer(815301076,1909f56bfc062723c751e8b465ee728b)  -> (artifact id: '4734330921a0bdd9920abd1d1b17c76d') in 0.008295 seconds
  Import took 0.011492 seconds .

AssetImportWorkerClient::OnTransportError - code=2 error=End of file
