Using pre-set license

 COMMAND LINE ARGUMENTS:
/Applications/Unity/Hub/Editor/2020.3.8f1/Unity.app/Contents/MacOS/Unity
-adb2
-batchMode
-noUpm
-name
AssetImportWorker0
-projectPath
/Users/Sophia/PuppeTuber_WebGL
-logFile
Logs/AssetImportWorker0.log
-srvPort
57117
Successfully changed project path to: /Users/Sophia/PuppeTuber_WebGL
/Users/Sophia/PuppeTuber_WebGL
Using Asset Import Pipeline V2.
Refreshing native plugins compatible for Editor in 512.70 ms, found 1 plugins.
Preloading 0 native plugins for Editor in 0.00 ms.
Initialize engine version: 2020.3.8f1 (507919d4fff5)
[Subsystems] Discovering subsystems at path /Applications/Unity/Hub/Editor/2020.3.8f1/Unity.app/Contents/Resources/UnitySubsystems
[Subsystems] Discovering subsystems at path /Users/Sophia/PuppeTuber_WebGL/Assets
GfxDevice: creating device client; threaded=0
2021-11-17 01:19:53.815 Unity[6508:430213] PHL 243S9 preferred device: Intel(R) Iris(TM) Plus Graphics 650 (low power)
2021-11-17 01:19:53.815 Unity[6508:430213] Metal devices available: 1
2021-11-17 01:19:53.815 Unity[6508:430213] 0: Intel(R) Iris(TM) Plus Graphics 650 (low power)
2021-11-17 01:19:53.816 Unity[6508:430213] Using device Intel(R) Iris(TM) Plus Graphics 650 (low power)
Initializing Metal device caps: Intel(R) Iris(TM) Plus Graphics 650
Initialize mono
Mono path[0] = '/Applications/Unity/Hub/Editor/2020.3.8f1/Unity.app/Contents/Managed'
Mono path[1] = '/Applications/Unity/Hub/Editor/2020.3.8f1/Unity.app/Contents/MonoBleedingEdge/lib/mono/unityjit'
Mono config path = '/Applications/Unity/Hub/Editor/2020.3.8f1/Unity.app/Contents/MonoBleedingEdge/etc'
Using monoOptions --debugger-agent=transport=dt_socket,embedding=1,server=y,suspend=n,address=127.0.0.1:56508
Begin MonoManager ReloadAssembly
Registering precompiled unity dll's ...
Register platform support module: /Applications/Unity/Hub/Editor/2020.3.8f1/PlaybackEngines/WebGLSupport/UnityEditor.WebGL.Extensions.dll
Register platform support module: /Applications/Unity/Hub/Editor/2020.3.8f1/Unity.app/Contents/PlaybackEngines/MacStandaloneSupport/UnityEditor.OSXStandalone.Extensions.dll
Registered in 0.002929 seconds.
Native extension for OSXStandalone target not found
Native extension for WebGL target not found
Refreshing native plugins compatible for Editor in 51.18 ms, found 1 plugins.
Preloading 0 native plugins for Editor in 0.00 ms.
Mono: successfully reloaded assembly
- Completed reload, in  7.211 seconds
Platform modules already initialized, skipping
Registering precompiled user dll's ...
Registered in 0.001623 seconds.
Begin MonoManager ReloadAssembly
Native extension for OSXStandalone target not found
Native extension for WebGL target not found
Refreshing native plugins compatible for Editor in 0.53 ms, found 1 plugins.
Preloading 0 native plugins for Editor in 0.00 ms.
Mono: successfully reloaded assembly
- Completed reload, in  1.353 seconds
Platform modules already initialized, skipping
========================================================================
Worker process is ready to serve import requests
Launching external process: /Applications/Unity/Hub/Editor/2020.3.8f1/Unity.app/Contents/Tools/UnityShaderCompiler
Launched and connected shader compiler UnityShaderCompiler after 0.06 seconds
Refreshing native plugins compatible for Editor in 0.93 ms, found 1 plugins.
Preloading 0 native plugins for Editor in 0.00 ms.
Unloading 1534 Unused Serialized files (Serialized files now loaded: 0)
System memory in use before: 136.8 MB.
System memory in use after: 135.9 MB.

Unloading 33 unused Assets to reduce memory usage. Loaded Objects now: 1959.
Total: 3.633701 ms (FindLiveObjects: 0.188734 ms CreateObjectMapping: 0.061579 ms MarkObjects: 1.750349 ms  DeleteObjects: 1.631072 ms)

========================================================================
Received Import Request.
  path: Assets/Kodama/Resources/UserStudy/SVMAnimator.controller
  artifactKey: Guid(5f875200e26bceb479af597bd4cd087d) Importer(815301076,1909f56bfc062723c751e8b465ee728b)
Start importing Assets/Kodama/Resources/UserStudy/SVMAnimator.controller using Guid(5f875200e26bceb479af597bd4cd087d) Importer(815301076,1909f56bfc062723c751e8b465ee728b)  -> (artifact id: '8b986660edff5bfe999489c4673291ea') in 4.289579 seconds
  Import took 4.312707 seconds .

========================================================================
Received Prepare
Registering precompiled user dll's ...
Registered in 0.000754 seconds.
Begin MonoManager ReloadAssembly
Native extension for OSXStandalone target not found
Native extension for WebGL target not found
Refreshing native plugins compatible for Editor in 0.55 ms, found 1 plugins.
Preloading 0 native plugins for Editor in 0.00 ms.
Mono: successfully reloaded assembly
- Completed reload, in  1.272 seconds
Platform modules already initialized, skipping
Refreshing native plugins compatible for Editor in 0.72 ms, found 1 plugins.
Preloading 0 native plugins for Editor in 0.00 ms.
Unloading 1507 Unused Serialized files (Serialized files now loaded: 0)
System memory in use before: 139.1 MB.
System memory in use after: 138.2 MB.

Unloading 28 unused Assets to reduce memory usage. Loaded Objects now: 1962.
Total: 3.466830 ms (FindLiveObjects: 0.358121 ms CreateObjectMapping: 0.101069 ms MarkObjects: 1.709409 ms  DeleteObjects: 1.297227 ms)

========================================================================
Received Prepare
Registering precompiled user dll's ...
Registered in 0.000516 seconds.
Begin MonoManager ReloadAssembly
Native extension for OSXStandalone target not found
Native extension for WebGL target not found
Refreshing native plugins compatible for Editor in 0.55 ms, found 1 plugins.
Preloading 0 native plugins for Editor in 0.00 ms.
Mono: successfully reloaded assembly
- Completed reload, in  1.011 seconds
Platform modules already initialized, skipping
Refreshing native plugins compatible for Editor in 0.62 ms, found 1 plugins.
Preloading 0 native plugins for Editor in 0.00 ms.
Unloading 1507 Unused Serialized files (Serialized files now loaded: 0)
System memory in use before: 139.4 MB.
System memory in use after: 138.5 MB.

Unloading 28 unused Assets to reduce memory usage. Loaded Objects now: 1965.
Total: 3.008682 ms (FindLiveObjects: 0.260894 ms CreateObjectMapping: 0.060428 ms MarkObjects: 1.614221 ms  DeleteObjects: 1.072016 ms)

========================================================================
Received Prepare
Refreshing native plugins compatible for Editor in 10.72 ms, found 1 plugins.
Preloading 0 native plugins for Editor in 0.00 ms.
Unloading 26 Unused Serialized files (Serialized files now loaded: 0)
System memory in use before: 110.3 MB.
System memory in use after: 109.4 MB.

Unloading 26 unused Assets to reduce memory usage. Loaded Objects now: 1965.
Total: 12.619553 ms (FindLiveObjects: 0.512690 ms CreateObjectMapping: 0.051296 ms MarkObjects: 10.800913 ms  DeleteObjects: 1.253713 ms)

========================================================================
Received Prepare
Refreshing native plugins compatible for Editor in 15.90 ms, found 1 plugins.
Preloading 0 native plugins for Editor in 0.00 ms.
Unloading 26 Unused Serialized files (Serialized files now loaded: 0)
System memory in use before: 110.7 MB.
System memory in use after: 109.8 MB.

Unloading 26 unused Assets to reduce memory usage. Loaded Objects now: 1965.
Total: 129.660460 ms (FindLiveObjects: 1.861496 ms CreateObjectMapping: 0.128637 ms MarkObjects: 125.352469 ms  DeleteObjects: 2.316374 ms)

